<?xml version="1.0" encoding="UTF-8"?>
<!-- Generated by org.testng.reporters.JUnitReportReporter -->
<testsuite skipped="0" hostname="DESKTOP-BB9O9A6" name="testFiles.KeywordFilteredPageTest" tests="3" failures="0" timestamp="14 Nov 2023 15:29:02 GMT" time="1.656" errors="0">
  <testcase name="keywordFilteredResult" time="0.575" classname="testFiles.KeywordFilteredPageTest"/>
  <testcase name="scrollByKeywordResults" time="0.147" classname="testFiles.KeywordFilteredPageTest"/>
  <testcase name="isGaragePresentInAdvert" time="0.934" classname="testFiles.KeywordFilteredPageTest"/>
</testsuite> <!-- testFiles.KeywordFilteredPageTest -->
