<?xml version="1.0" encoding="UTF-8"?>
<!-- Generated by org.testng.reporters.JUnitReportReporter -->
<testsuite skipped="0" hostname="DESKTOP-BB9O9A6" name="testFiles.CountyResultPageTest" tests="6" failures="0" timestamp="14 Nov 2023 15:29:02 GMT" time="1.134" errors="0">
  <testcase name="countyResult" time="0.625" classname="testFiles.CountyResultPageTest"/>
  <testcase name="testCountySearchResultsCount" time="0.028" classname="testFiles.CountyResultPageTest"/>
  <testcase name="scrollToSearchResults" time="0.035" classname="testFiles.CountyResultPageTest"/>
  <testcase name="scrollToTop" time="0.088" classname="testFiles.CountyResultPageTest"/>
  <testcase name="scrollToBottom" time="0.130" classname="testFiles.CountyResultPageTest"/>
  <testcase name="applyKeywordFilter" time="0.228" classname="testFiles.CountyResultPageTest"/>
</testsuite> <!-- testFiles.CountyResultPageTest -->
