<?xml version="1.0" encoding="UTF-8"?>
<!-- Generated by org.testng.reporters.JUnitReportReporter -->
<testsuite skipped="0" hostname="DESKTOP-BB9O9A6" name="testFiles.HomePageTest" tests="5" failures="0" timestamp="14 Nov 2023 15:29:02 GMT" time="4.109" errors="0">
  <testcase name="homePageTitleTest" time="0.010" classname="testFiles.HomePageTest"/>
  <testcase name="provideConsentClickTest" time="3.221" classname="testFiles.HomePageTest"/>
  <testcase name="enterSearchLocation" time="0.503" classname="testFiles.HomePageTest"/>
  <testcase name="list" time="0.261" classname="testFiles.HomePageTest"/>
  <testcase name="provideClick" time="0.114" classname="testFiles.HomePageTest"/>
</testsuite> <!-- testFiles.HomePageTest -->
